# JRE version: Java(TM) SE Runtime Environment (8.0_181-b13) (build 1.8.0_181-b13)
# Java VM: Java HotSpot(TM) 64-Bit Server VM (25.181-b13 mixed mode windows-amd64 compressed oops)
Heap:
 PSYoungGen      total 396288K, used 22633K [0x00000000d5600000, 0x00000000f1e00000, 0x0000000100000000)
  eden space 380416K, 1% used [0x00000000d5600000,0x00000000d5ccbbf8,0x00000000ec980000)
  from space 15872K, 98% used [0x00000000f0e80000,0x00000000f1dceb68,0x00000000f1e00000)
  to   space 21504K, 0% used [0x00000000ef400000,0x00000000ef400000,0x00000000f0900000)
 ParOldGen       total 117248K, used 35936K [0x0000000080200000, 0x0000000087480000, 0x00000000d5600000)
  object space 117248K, 30% used [0x0000000080200000,0x0000000082518290,0x0000000087480000)
 Metaspace       used 66855K, capacity 69544K, committed 69784K, reserved 1110016K
  class space    used 8792K, capacity 9243K, committed 9368K, reserved 1048576K
GC Heap History (10 events):
Event: 7.727 GC heap before
{Heap before GC invocations=11 (full 2):
 PSYoungGen      total 238592K, used 12070K [0x00000000d5600000, 0x00000000ea400000, 0x0000000100000000)
  eden space 224256K, 0% used [0x00000000d5600000,0x00000000d5600000,0x00000000e3100000)
  from space 14336K, 84% used [0x00000000e3100000,0x00000000e3cc9838,0x00000000e3f00000)
  to   space 15872K, 0% used [0x00000000e9480000,0x00000000e9480000,0x00000000ea400000)
 ParOldGen       total 51712K, used 11642K [0x0000000080200000, 0x0000000083480000, 0x00000000d5600000)
  object space 51712K, 22% used [0x0000000080200000,0x0000000080d5eac8,0x0000000083480000)
 Metaspace       used 33947K, capacity 35472K, committed 35496K, reserved 1079296K
  class space    used 4454K, capacity 4756K, committed 4776K, reserved 1048576K
Event: 7.785 GC heap after
Heap after GC invocations=11 (full 2):
 PSYoungGen      total 238592K, used 0K [0x00000000d5600000, 0x00000000ea400000, 0x0000000100000000)
  eden space 224256K, 0% used [0x00000000d5600000,0x00000000d5600000,0x00000000e3100000)
  from space 14336K, 0% used [0x00000000e3100000,0x00000000e3100000,0x00000000e3f00000)
  to   space 15872K, 0% used [0x00000000e9480000,0x00000000e9480000,0x00000000ea400000)
 ParOldGen       total 78336K, used 17175K [0x0000000080200000, 0x0000000084e80000, 0x00000000d5600000)
  object space 78336K, 21% used [0x0000000080200000,0x00000000812c5fd8,0x0000000084e80000)
 Metaspace       used 33947K, capacity 35472K, committed 35496K, reserved 1079296K
  class space    used 4454K, capacity 4756K, committed 4776K, reserved 1048576K
}
Event: 10.341 GC heap before
{Heap before GC invocations=12 (full 2):
 PSYoungGen      total 238592K, used 224256K [0x00000000d5600000, 0x00000000ea400000, 0x0000000100000000)
  eden space 224256K, 100% used [0x00000000d5600000,0x00000000e3100000,0x00000000e3100000)
  from space 14336K, 0% used [0x00000000e3100000,0x00000000e3100000,0x00000000e3f00000)
  to   space 15872K, 0% used [0x00000000e9480000,0x00000000e9480000,0x00000000ea400000)
 ParOldGen       total 78336K, used 17175K [0x0000000080200000, 0x0000000084e80000, 0x00000000d5600000)
  object space 78336K, 21% used [0x0000000080200000,0x00000000812c5fd8,0x0000000084e80000)
 Metaspace       used 43315K, capacity 44932K, committed 45096K, reserved 1089536K
  class space    used 5521K, capacity 5838K, committed 5928K, reserved 1048576K
Event: 10.375 GC heap after
Heap after GC invocations=12 (full 2):
 PSYoungGen      total 318976K, used 10987K [0x00000000d5600000, 0x00000000ea080000, 0x0000000100000000)
  eden space 306688K, 0% used [0x00000000d5600000,0x00000000d5600000,0x00000000e8180000)
  from space 12288K, 89% used [0x00000000e9480000,0x00000000e9f3ad60,0x00000000ea080000)
  to   space 15872K, 0% used [0x00000000e8180000,0x00000000e8180000,0x00000000e9100000)
 ParOldGen       total 78336K, used 17183K [0x0000000080200000, 0x0000000084e80000, 0x00000000d5600000)
  object space 78336K, 21% used [0x0000000080200000,0x00000000812c7fd8,0x0000000084e80000)
 Metaspace       used 43315K, capacity 44932K, committed 45096K, reserved 1089536K
  class space    used 5521K, capacity 5838K, committed 5928K, reserved 1048576K
}
Event: 13.372 GC heap before
{Heap before GC invocations=13 (full 2):
 PSYoungGen      total 318976K, used 259583K [0x00000000d5600000, 0x00000000ea080000, 0x0000000100000000)
  eden space 306688K, 81% used [0x00000000d5600000,0x00000000e48c4ff0,0x00000000e8180000)
  from space 12288K, 89% used [0x00000000e9480000,0x00000000e9f3ad60,0x00000000ea080000)
  to   space 15872K, 0% used [0x00000000e8180000,0x00000000e8180000,0x00000000e9100000)
 ParOldGen       total 78336K, used 17183K [0x0000000080200000, 0x0000000084e80000, 0x00000000d5600000)
  object space 78336K, 21% used [0x0000000080200000,0x00000000812c7fd8,0x0000000084e80000)
 Metaspace       used 56894K, capacity 59064K, committed 59160K, reserved 1099776K
  class space    used 7470K, capacity 7884K, committed 7960K, reserved 1048576K
Event: 13.502 GC heap after
Heap after GC invocations=13 (full 2):
 PSYoungGen      total 322560K, used 15869K [0x00000000d5600000, 0x00000000f2200000, 0x0000000100000000)
  eden space 306688K, 0% used [0x00000000d5600000,0x00000000d5600000,0x00000000e8180000)
  from space 15872K, 99% used [0x00000000e8180000,0x00000000e90ff528,0x00000000e9100000)
  to   space 19968K, 0% used [0x00000000f0e80000,0x00000000f0e80000,0x00000000f2200000)
 ParOldGen       total 78336K, used 22595K [0x0000000080200000, 0x0000000084e80000, 0x00000000d5600000)
  object space 78336K, 28% used [0x0000000080200000,0x0000000081810ed0,0x0000000084e80000)
 Metaspace       used 56894K, capacity 59064K, committed 59160K, reserved 1099776K
  class space    used 7470K, capacity 7884K, committed 7960K, reserved 1048576K
}
Event: 13.502 GC heap before
{Heap before GC invocations=14 (full 3):
 PSYoungGen      total 322560K, used 15869K [0x00000000d5600000, 0x00000000f2200000, 0x0000000100000000)
  eden space 306688K, 0% used [0x00000000d5600000,0x00000000d5600000,0x00000000e8180000)
  from space 15872K, 99% used [0x00000000e8180000,0x00000000e90ff528,0x00000000e9100000)
  to   space 19968K, 0% used [0x00000000f0e80000,0x00000000f0e80000,0x00000000f2200000)
 ParOldGen       total 78336K, used 22595K [0x0000000080200000, 0x0000000084e80000, 0x00000000d5600000)
  object space 78336K, 28% used [0x0000000080200000,0x0000000081810ed0,0x0000000084e80000)
 Metaspace       used 56894K, capacity 59064K, committed 59160K, reserved 1099776K
  class space    used 7470K, capacity 7884K, committed 7960K, reserved 1048576K
Event: 13.863 GC heap after
Heap after GC invocations=14 (full 3):
 PSYoungGen      total 322560K, used 0K [0x00000000d5600000, 0x00000000f2200000, 0x0000000100000000)
  eden space 306688K, 0% used [0x00000000d5600000,0x00000000d5600000,0x00000000e8180000)
  from space 15872K, 0% used [0x00000000e8180000,0x00000000e8180000,0x00000000e9100000)
  to   space 19968K, 0% used [0x00000000f0e80000,0x00000000f0e80000,0x00000000f2200000)
 ParOldGen       total 117248K, used 35928K [0x0000000080200000, 0x0000000087480000, 0x00000000d5600000)
  object space 117248K, 30% used [0x0000000080200000,0x0000000082516290,0x0000000087480000)
 Metaspace       used 56886K, capacity 59052K, committed 59160K, reserved 1099776K
  class space    used 7469K, capacity 7882K, committed 7960K, reserved 1048576K
}
Event: 259.202 GC heap before
{Heap before GC invocations=15 (full 3):
 PSYoungGen      total 322560K, used 306688K [0x00000000d5600000, 0x00000000f2200000, 0x0000000100000000)
  eden space 306688K, 100% used [0x00000000d5600000,0x00000000e8180000,0x00000000e8180000)
  from space 15872K, 0% used [0x00000000e8180000,0x00000000e8180000,0x00000000e9100000)
  to   space 19968K, 0% used [0x00000000f0e80000,0x00000000f0e80000,0x00000000f2200000)
 ParOldGen       total 117248K, used 35928K [0x0000000080200000, 0x0000000087480000, 0x00000000d5600000)
  object space 117248K, 30% used [0x0000000080200000,0x0000000082516290,0x0000000087480000)
 Metaspace       used 66580K, capacity 69308K, committed 69400K, reserved 1110016K
  class space    used 8762K, capacity 9209K, committed 9240K, reserved 1048576K
Event: 259.223 GC heap after
Heap after GC invocations=15 (full 3):
 PSYoungGen      total 396288K, used 15674K [0x00000000d5600000, 0x00000000f1e00000, 0x0000000100000000)
  eden space 380416K, 0% used [0x00000000d5600000,0x00000000d5600000,0x00000000ec980000)
  from space 15872K, 98% used [0x00000000f0e80000,0x00000000f1dceb68,0x00000000f1e00000)
  to   space 21504K, 0% used [0x00000000ef400000,0x00000000ef400000,0x00000000f0900000)
 ParOldGen       total 117248K, used 35936K [0x0000000080200000, 0x0000000087480000, 0x00000000d5600000)
  object space 117248K, 30% used [0x0000000080200000,0x0000000082518290,0x0000000087480000)
 Metaspace       used 66580K, capacity 69308K, committed 69400K, reserved 1110016K
  class space    used 8762K, capacity 9209K, committed 9240K, reserved 1048576K
}

