# JRE version: Java(TM) SE Runtime Environment (8.0_181-b13) (build 1.8.0_181-b13)
# Java VM: Java HotSpot(TM) 64-Bit Server VM (25.181-b13 mixed mode windows-amd64 compressed oops)
Heap:
 PSYoungGen      total 299520K, used 267202K [0x00000000d5600000, 0x00000000ee480000, 0x0000000100000000)
  eden space 283648K, 94% used [0x00000000d5600000,0x00000000e5af0a10,0x00000000e6b00000)
  from space 15872K, 0% used [0x00000000e6b00000,0x00000000e6b00000,0x00000000e7a80000)
  to   space 19968K, 0% used [0x00000000ed100000,0x00000000ed100000,0x00000000ee480000)
 ParOldGen       total 129024K, used 36011K [0x0000000080200000, 0x0000000088000000, 0x00000000d5600000)
  object space 129024K, 27% used [0x0000000080200000,0x000000008252aff0,0x0000000088000000)
 Metaspace       used 64162K, capacity 66866K, committed 67240K, reserved 1107968K
  class space    used 8502K, capacity 9005K, committed 9128K, reserved 1048576K
GC Heap History (10 events):
Event: 5.826 GC heap before
{Heap before GC invocations=10 (full 1):
 PSYoungGen      total 226304K, used 38369K [0x00000000d5600000, 0x00000000e4400000, 0x0000000100000000)
  eden space 215040K, 12% used [0x00000000d5600000,0x00000000d7079860,0x00000000e2800000)
  from space 11264K, 99% used [0x00000000e3800000,0x00000000e42fef68,0x00000000e4300000)
  to   space 14336K, 0% used [0x00000000e2800000,0x00000000e2800000,0x00000000e3600000)
 ParOldGen       total 53248K, used 11725K [0x0000000080200000, 0x0000000083600000, 0x00000000d5600000)
  object space 53248K, 22% used [0x0000000080200000,0x0000000080d736c8,0x0000000083600000)
 Metaspace       used 33896K, capacity 35452K, committed 35496K, reserved 1079296K
  class space    used 4455K, capacity 4764K, committed 4776K, reserved 1048576K
Event: 5.837 GC heap after
Heap after GC invocations=10 (full 1):
 PSYoungGen      total 229376K, used 11907K [0x00000000d5600000, 0x00000000e8f00000, 0x0000000100000000)
  eden space 215040K, 0% used [0x00000000d5600000,0x00000000d5600000,0x00000000e2800000)
  from space 14336K, 83% used [0x00000000e2800000,0x00000000e33a0e78,0x00000000e3600000)
  to   space 15872K, 0% used [0x00000000e7f80000,0x00000000e7f80000,0x00000000e8f00000)
 ParOldGen       total 53248K, used 11733K [0x0000000080200000, 0x0000000083600000, 0x00000000d5600000)
  object space 53248K, 22% used [0x0000000080200000,0x0000000080d756c8,0x0000000083600000)
 Metaspace       used 33896K, capacity 35452K, committed 35496K, reserved 1079296K
  class space    used 4455K, capacity 4764K, committed 4776K, reserved 1048576K
}
Event: 5.837 GC heap before
{Heap before GC invocations=11 (full 2):
 PSYoungGen      total 229376K, used 11907K [0x00000000d5600000, 0x00000000e8f00000, 0x0000000100000000)
  eden space 215040K, 0% used [0x00000000d5600000,0x00000000d5600000,0x00000000e2800000)
  from space 14336K, 83% used [0x00000000e2800000,0x00000000e33a0e78,0x00000000e3600000)
  to   space 15872K, 0% used [0x00000000e7f80000,0x00000000e7f80000,0x00000000e8f00000)
 ParOldGen       total 53248K, used 11733K [0x0000000080200000, 0x0000000083600000, 0x00000000d5600000)
  object space 53248K, 22% used [0x0000000080200000,0x0000000080d756c8,0x0000000083600000)
 Metaspace       used 33896K, capacity 35452K, committed 35496K, reserved 1079296K
  class space    used 4455K, capacity 4764K, committed 4776K, reserved 1048576K
Event: 5.898 GC heap after
Heap after GC invocations=11 (full 2):
 PSYoungGen      total 229376K, used 0K [0x00000000d5600000, 0x00000000e8f00000, 0x0000000100000000)
  eden space 215040K, 0% used [0x00000000d5600000,0x00000000d5600000,0x00000000e2800000)
  from space 14336K, 0% used [0x00000000e2800000,0x00000000e2800000,0x00000000e3600000)
  to   space 15872K, 0% used [0x00000000e7f80000,0x00000000e7f80000,0x00000000e8f00000)
 ParOldGen       total 83456K, used 17140K [0x0000000080200000, 0x0000000085380000, 0x00000000d5600000)
  object space 83456K, 20% used [0x0000000080200000,0x00000000812bd258,0x0000000085380000)
 Metaspace       used 33896K, capacity 35452K, committed 35496K, reserved 1079296K
  class space    used 4455K, capacity 4764K, committed 4776K, reserved 1048576K
}
Event: 8.033 GC heap before
{Heap before GC invocations=12 (full 2):
 PSYoungGen      total 229376K, used 215040K [0x00000000d5600000, 0x00000000e8f00000, 0x0000000100000000)
  eden space 215040K, 100% used [0x00000000d5600000,0x00000000e2800000,0x00000000e2800000)
  from space 14336K, 0% used [0x00000000e2800000,0x00000000e2800000,0x00000000e3600000)
  to   space 15872K, 0% used [0x00000000e7f80000,0x00000000e7f80000,0x00000000e8f00000)
 ParOldGen       total 83456K, used 17140K [0x0000000080200000, 0x0000000085380000, 0x00000000d5600000)
  object space 83456K, 20% used [0x0000000080200000,0x00000000812bd258,0x0000000085380000)
 Metaspace       used 42887K, capacity 44528K, committed 44712K, reserved 1087488K
  class space    used 5465K, capacity 5782K, committed 5800K, reserved 1048576K
Event: 8.044 GC heap after
Heap after GC invocations=12 (full 2):
 PSYoungGen      total 292864K, used 10504K [0x00000000d5600000, 0x00000000e8a00000, 0x0000000100000000)
  eden space 282112K, 0% used [0x00000000d5600000,0x00000000d5600000,0x00000000e6980000)
  from space 10752K, 97% used [0x00000000e7f80000,0x00000000e89c2290,0x00000000e8a00000)
  to   space 15872K, 0% used [0x00000000e6b00000,0x00000000e6b00000,0x00000000e7a80000)
 ParOldGen       total 83456K, used 17148K [0x0000000080200000, 0x0000000085380000, 0x00000000d5600000)
  object space 83456K, 20% used [0x0000000080200000,0x00000000812bf258,0x0000000085380000)
 Metaspace       used 42887K, capacity 44528K, committed 44712K, reserved 1087488K
  class space    used 5465K, capacity 5782K, committed 5800K, reserved 1048576K
}
Event: 10.390 GC heap before
{Heap before GC invocations=13 (full 2):
 PSYoungGen      total 292864K, used 261087K [0x00000000d5600000, 0x00000000e8a00000, 0x0000000100000000)
  eden space 282112K, 88% used [0x00000000d5600000,0x00000000e4ab5bb8,0x00000000e6980000)
  from space 10752K, 97% used [0x00000000e7f80000,0x00000000e89c2290,0x00000000e8a00000)
  to   space 15872K, 0% used [0x00000000e6b00000,0x00000000e6b00000,0x00000000e7a80000)
 ParOldGen       total 83456K, used 17148K [0x0000000080200000, 0x0000000085380000, 0x00000000d5600000)
  object space 83456K, 20% used [0x0000000080200000,0x00000000812bf258,0x0000000085380000)
 Metaspace       used 56864K, capacity 59038K, committed 59160K, reserved 1101824K
  class space    used 7462K, capacity 7827K, committed 7848K, reserved 1048576K
Event: 10.423 GC heap after
Heap after GC invocations=13 (full 2):
 PSYoungGen      total 299520K, used 15868K [0x00000000d5600000, 0x00000000ee480000, 0x0000000100000000)
  eden space 283648K, 0% used [0x00000000d5600000,0x00000000d5600000,0x00000000e6b00000)
  from space 15872K, 99% used [0x00000000e6b00000,0x00000000e7a7f1e0,0x00000000e7a80000)
  to   space 19968K, 0% used [0x00000000ed100000,0x00000000ed100000,0x00000000ee480000)
 ParOldGen       total 83456K, used 22434K [0x0000000080200000, 0x0000000085380000, 0x00000000d5600000)
  object space 83456K, 26% used [0x0000000080200000,0x00000000817e8a70,0x0000000085380000)
 Metaspace       used 56864K, capacity 59038K, committed 59160K, reserved 1101824K
  class space    used 7462K, capacity 7827K, committed 7848K, reserved 1048576K
}
Event: 10.423 GC heap before
{Heap before GC invocations=14 (full 3):
 PSYoungGen      total 299520K, used 15868K [0x00000000d5600000, 0x00000000ee480000, 0x0000000100000000)
  eden space 283648K, 0% used [0x00000000d5600000,0x00000000d5600000,0x00000000e6b00000)
  from space 15872K, 99% used [0x00000000e6b00000,0x00000000e7a7f1e0,0x00000000e7a80000)
  to   space 19968K, 0% used [0x00000000ed100000,0x00000000ed100000,0x00000000ee480000)
 ParOldGen       total 83456K, used 22434K [0x0000000080200000, 0x0000000085380000, 0x00000000d5600000)
  object space 83456K, 26% used [0x0000000080200000,0x00000000817e8a70,0x0000000085380000)
 Metaspace       used 56864K, capacity 59038K, committed 59160K, reserved 1101824K
  class space    used 7462K, capacity 7827K, committed 7848K, reserved 1048576K
Event: 10.707 GC heap after
Heap after GC invocations=14 (full 3):
 PSYoungGen      total 299520K, used 0K [0x00000000d5600000, 0x00000000ee480000, 0x0000000100000000)
  eden space 283648K, 0% used [0x00000000d5600000,0x00000000d5600000,0x00000000e6b00000)
  from space 15872K, 0% used [0x00000000e6b00000,0x00000000e6b00000,0x00000000e7a80000)
  to   space 19968K, 0% used [0x00000000ed100000,0x00000000ed100000,0x00000000ee480000)
 ParOldGen       total 129024K, used 36011K [0x0000000080200000, 0x0000000088000000, 0x00000000d5600000)
  object space 129024K, 27% used [0x0000000080200000,0x000000008252aff0,0x0000000088000000)
 Metaspace       used 56852K, capacity 59020K, committed 59160K, reserved 1101824K
  class space    used 7461K, capacity 7824K, committed 7848K, reserved 1048576K
}

